2025-09-13 08:21:56:2156 [31merror[39m: [31mValidation error:[39m
2025-09-13 08:22:35:2235 [31merror[39m: [31mValidation error:[39m
2025-09-13 08:23:31:2331 [31merror[39m: [31mValidation error:[39m
2025-09-13 08:24:03:243 [31merror[39m: [31mCreate seat error: Seat validation failed: seat_number: Path `seat_number` is required.[39m
2025-09-13 08:24:27:2427 [31merror[39m: [31mCreate seat error: Seat validation failed: seat_number: Path `seat_number` is required.[39m
2025-09-13 08:25:00:250 [31merror[39m: [31mValidation error:[39m
2025-09-13 08:25:56:2556 [31merror[39m: [31mValidation error:[39m
2025-09-13 09:43:43:4343 [31merror[39m: [31mAdmin login error: No document found for query "{ _id: '68c052ebbedaca06395197c2' }" on model "User"[39m
2025-09-13 09:44:00:440 [31merror[39m: [31mFailed to connect to Redis, Socket closed unexpectedly[39m
2025-09-13 09:44:00:440 [31merror[39m: [31mFailed to connect to Redis, Socket closed unexpectedly[39m
2025-09-13 09:44:00:440 [31merror[39m: [31mFailed to connect to Redis, Socket closed unexpectedly[39m
2025-09-13 09:44:00:440 [31merror[39m: [31mFailed to connect to Redis, Socket closed unexpectedly[39m
2025-09-13 09:44:00:440 [31merror[39m: [31mFailed to connect to Redis, Socket closed unexpectedly[39m
2025-09-13 09:44:00:440 [31merror[39m: [31mFailed to connect to Redis, Socket closed unexpectedly[39m
2025-09-13 09:44:00:440 [31merror[39m: [31mFailed to connect to Redis, Socket closed unexpectedly[39m
2025-09-13 09:44:00:440 [31merror[39m: [31mFailed to connect to Redis, Socket closed unexpectedly[39m
2025-09-13 09:44:00:440 [31merror[39m: [31mFailed to connect to Redis, Socket closed unexpectedly[39m
2025-09-13 09:44:00:440 [31merror[39m: [31mFailed to connect to Redis, Socket closed unexpectedly[39m
2025-09-13 09:44:00:440 [31merror[39m: [31mFailed to connect to Redis, Socket closed unexpectedly[39m
2025-09-13 09:44:01:441 [31merror[39m: [31mFailed to connect to Redis, [39m
2025-09-13 09:44:01:441 [31merror[39m: [31mFailed to connect to Redis, [39m
2025-09-13 09:44:01:441 [31merror[39m: [31mFailed to connect to Redis, [39m
2025-09-13 09:44:45:4445 [31merror[39m: [31mAdmin login error: No document found for query "{ _id: '68c052ebbedaca06395197c2' }" on model "User"[39m
2025-09-13 09:46:22:4622 [31merror[39m: [31mAdmin login error: No document found for query "{ _id: '68c052ebbedaca06395197c2' }" on model "User"[39m
2025-09-13 10:08:26:826 [31merror[39m: [31mValidation error:[39m
2025-09-13 10:09:21:921 [31merror[39m: [31mValidation error:[39m
2025-09-13 10:09:52:952 [31merror[39m: [31mValidation error:[39m
2025-09-13 10:10:58:1058 [31merror[39m: [31mValidation error:[39m
2025-09-13 10:11:26:1126 [31merror[39m: [31mValidation error:[39m
2025-09-13 15:40:27:4027 [31merror[39m: [31mSMS sending failed: Max send attempts reached[39m
2025-09-13 15:40:29:4029 [31merror[39m: [31mSMS sending failed: Max send attempts reached[39m
2025-09-13 15:40:59:4059 [31merror[39m: [31mSMS sending failed: Max send attempts reached[39m
2025-09-13 15:48:18:4818 [31merror[39m: [31mSMS sending failed: The requested resource /v2/Services//Verifications was not found[39m
2025-09-13 15:48:20:4820 [31merror[39m: [31mSMS sending failed: The requested resource /v2/Services//Verifications was not found[39m
2025-09-13 15:48:29:4829 [31merror[39m: [31mSMS sending failed: The requested resource /v2/Services//Verifications was not found[39m
2025-09-21 22:00:46:046 [31merror[39m: [31mAdmin login error: redisClient.sadd is not a function[39m
2025-09-21 22:10:02:102 [31merror[39m: [31mSMS sending failed: The phone number is unverified. Trial accounts cannot send messages to unverified numbers; verify it at twilio.com/user/account/phone-numbers/verified[39m
2025-09-21 22:11:25:1125 [31merror[39m: [31mSMS sending failed: The phone number is unverified. Trial accounts cannot send messages to unverified numbers; verify it at twilio.com/user/account/phone-numbers/verified[39m
2025-09-22 20:54:16:5416 [31merror[39m: [31mValidation error:[39m
2025-09-22 21:01:44:144 [31merror[39m: [31mVerify OTP error: redisClient.sadd is not a function[39m
2025-09-22 21:02:06:26 [31merror[39m: [31mVerify OTP error: redisClient.sadd is not a function[39m
2025-09-22 21:03:30:330 [31merror[39m: [31mVerify OTP error: redisClient.sadd is not a function[39m
2025-09-22 21:48:29:4829 [31merror[39m: [31mRefresh token error: Cannot destructure property 'refreshToken' of 'req.body' as it is undefined.[39m
2025-09-22 21:49:59:4959 [31merror[39m: [31mLogout error: Cannot destructure property 'sessionId' of 'req.body' as it is undefined.[39m
2025-09-22 21:52:10:5210 [31merror[39m: [31mLogout error: Cannot destructure property 'sessionId' of 'req.body' as it is undefined.[39m
2025-09-22 22:10:30:1030 [31merror[39m: [31mAuthentication error: jwt malformed[39m
2025-09-22 22:16:25:1625 [31merror[39m: [31mValidation error:[39m
2025-09-22 22:35:31:3531 [31merror[39m: [31mSMS sending failed: The phone number is unverified. Trial accounts cannot send messages to unverified numbers; verify it at twilio.com/user/account/phone-numbers/verified[39m
2025-09-22 23:13:08:138 [31merror[39m: [31mValidation error:[39m
2025-09-22 23:13:31:1331 [31merror[39m: [31mValidation error:[39m
2025-09-22 23:16:29:1629 [31merror[39m: [31mValidation error:[39m
2025-09-22 23:18:57:1857 [31merror[39m: [31mValidation error:[39m
2025-09-22 23:19:39:1939 [31merror[39m: [31mValidation error:[39m
2025-09-22 23:41:49:4149 [31merror[39m: [31mFailed to connect to Redis, Socket closed unexpectedly[39m
2025-09-22 23:41:49:4149 [31merror[39m: [31mFailed to connect to Redis, Socket closed unexpectedly[39m
2025-09-22 23:41:49:4149 [31merror[39m: [31mFailed to connect to Redis, Socket closed unexpectedly[39m
2025-09-22 23:41:49:4149 [31merror[39m: [31mFailed to connect to Redis, Socket closed unexpectedly[39m
2025-09-22 23:41:49:4149 [31merror[39m: [31mFailed to connect to Redis, Socket closed unexpectedly[39m
2025-09-22 23:41:50:4150 [31merror[39m: [31mFailed to connect to Redis, Socket closed unexpectedly[39m
2025-09-22 23:41:50:4150 [31merror[39m: [31mFailed to connect to Redis, Socket closed unexpectedly[39m
2025-09-22 23:41:50:4150 [31merror[39m: [31mFailed to connect to Redis, Socket closed unexpectedly[39m
2025-09-22 23:41:50:4150 [31merror[39m: [31mFailed to connect to Redis, Socket closed unexpectedly[39m
2025-09-27 15:05:27:527 [31merror[39m: [31mValidation error:[39m
2025-09-27 15:06:00:60 [31merror[39m: [31mValidation error:[39m
